=== Deprecated LSP Check ===
lua/.restore/2026-02-13/plugins-init.lua.bak:12:  --   "neovim/nvim-lspconfig",
lua/.restore/2026-02-13/plugins-init.lua.bak:14:  --     require("nvchad.configs.lspconfig").defaults()
lua/.restore/2026-02-13/plugins-init.lua.bak:15:  --     require "configs.lspconfig"
lua/.restore/2026-02-13/plugins-init.lua.bak:146:    "neovim/nvim-lspconfig",
lua/plugins/inlayhints.lua:4:  dependencies = { "neovim/nvim-lspconfig" },
lua/plugins/init.lua:107:    "neovim/nvim-lspconfig",
lua/plugins/init.lua:114:      require("custom.configs.lspconfig").setup()
lua/plugins/init.lua:351:    dependencies = { "neovim/nvim-lspconfig", "nvim-telescope/telescope.nvim" },
lua/plugins/init.lua:403:      "neovim/nvim-lspconfig",
lua/plugins/rustaceanvim.lua:5:  dependencies = "neovim/nvim-lspconfig",
lua/plugins/yaml_companion_nvim.lua:15:    "neovim/nvim-lspconfig",
lua/plugins/yaml_companion_nvim.lua:28:      lspconfig = {
lua/configs/lsp.lua:72:    -- In Nvim 0.11, we should avoid require('lspconfig') if possible
lua/configs/lsp.lua:78:    -- If not found in core, try to find it in nvim-lspconfig without triggering the main framework warning
lua/configs/lsp.lua:80:      local ok, lspconfig_configs = pcall(require, "lspconfig.configs")
lua/configs/lsp.lua:81:      if ok and lspconfig_configs[name] then
lua/configs/lsp.lua:82:        config = lspconfig_configs[name]
lua/configs/lsp.lua:96:      -- Angular LSP (angularls) in nvim-lspconfig for Nvim 0.11 uses a function for cmd.
lua/configs/lsp.lua:139:    local ok, lspconfig = pcall(require, "lspconfig")
lua/configs/lsp.lua:140:    if ok and lspconfig[name] then
lua/configs/lsp.lua:141:      lspconfig[name].setup(opts)
lua/configs/lsp.lua:244:-- local on_attach = require("nvchad.configs.lspconfig").on_attach
lua/configs/lsp.lua:245:-- local on_init = require("nvchad.configs.lspconfig").on_init
lua/configs/lsp.lua:246:-- local capabilities = require("nvchad.configs.lspconfig").capabilities
lua/configs/lsp.lua:248:-- local lspconfig = require("lspconfig")
lua/configs/lsp.lua:249:-- local util = require "lspconfig/util"
lua/configs/lsp.lua:254:--   lspconfig[lsp].setup {
lua/configs/lsp.lua:262:-- lspconfig.tsserver.setup {
lua/configs/lsp.lua:269:-- -- lspconfig.rust_analyzer.setup({
=== Duplicate Files Check ===
action_hints.lua
alternate_toggler.lua
carbon_now.lua
confirm_quit.lua
grug-far.lua
live_preview_nvim.lua
lsp_progress.lua
markdown_extended.lua
markdown_preview.lua
tiny-devicons-auto-colors.lua
todo_comments.lua
yaml_companion_nvim.lua
yaml_nvim.lua
zen_mode.lua
